Internal animation is named CBAMNSTM_ABLD; Could not get info for art\w3d\cb\cbamnst_abldm.w3d
Internal animation is named CBAMNSTL_ABLD; Could not get info for art\w3d\cb\cbamnst_abldtll.w3d
Internal container is named CBAMNSTM_A; Could not get info for art\w3d\cb\cbamnst_am.w3d
Internal hierarchy is named CBAMNSTM_ASKL; Could not get info for art\w3d\cb\cbamnst_asklm.w3d
Internal container is named MUEASTSWD_SKN; Could not get info for art\w3d\iu\iueastswd_skn.w3d
Internal hierarchy is named KBWALLN_BIB; Could not get info for art\w3d\kb\kbwall_bib.w3d
Internal animation is named CBAS45D3_ANL; Could not get info for art\w3d\re\readonly-0-rev-1-cbas45d3_anl.w3d
Internal hierarchy is named CBAS45D3_SKLL; Could not get info for art\w3d\re\readonly-0-rev-1-cbas45d3_skll.w3d
Internal container is named CBAS45D3L; Could not get info for art\w3d\re\readonly-0-rev-1-cbas45d3l.w3d
Internal hierarchy is named CBAS45D1L; Could not get info for art\w3d\re\readonly-0-rev-2-cbas45d1l.w3d
Internal hierarchy is named CBAS45D1M; Could not get info for art\w3d\re\readonly-0-rev-2-cbas45d1m.w3d
Internal hierarchy is named CBAS45D2L; Could not get info for art\w3d\re\readonly-0-rev-2-cbas45d2l.w3d
Internal hierarchy is named CBAS45D2M; Could not get info for art\w3d\re\readonly-0-rev-2-cbas45d2m.w3d
Internal animation is named CBAS45D3_ANM; Could not get info for art\w3d\re\readonly-0-rev-2-cbas45d3_anm.w3d
Internal hierarchy is named CBAS45D3_SKLM; Could not get info for art\w3d\re\readonly-0-rev-2-cbas45d3_sklm.w3d
Internal container is named CBAS45D3M; Could not get info for art\w3d\re\readonly-0-rev-2-cbas45d3m.w3d
Internal hierarchy is named CBAS45M; Could not get info for art\w3d\re\readonly-0-rev-2-cbas45m.w3d
Internal hierarchy is named CBAMONSULTWRTL; Could not get info for art\w3d\re\readonly-0-rev-5-cbamonsultwrtl.w3d
Internal box is named RUDWRFHLBD_SKN.BOUNDINGBOX; Could not get info for art\w3d\rr\rrudwrfhlbd_skn.w3d
Internal box is named RUDWRFHMR_SKN.BOUNDINGBOX; Could not get info for art\w3d\rr\rrudwrfhmr_skn.w3d
Asset MUBOWGOB_NHA in file mubowgob_nha.w3d depends on unknown asset h*mugobarch_skl.
Asset MUSWRDGOB_NHA in file muswrdgob_nha.w3d depends on unknown asset h*mugblnswrd_skl.
