|SourceProjectName:EA Customer Service Tool v1.hpr
|DestinationProjectName:Electronic_Arts_Technical_Support.htm
whhost.js
whmsg.js
whmozemu.js
whproxy.js
whstub.js
whutils.js
whver.js
whform.js
whphost.js
whstart.js
whtopic.js
whframes.js
whlang.js
whskin_info.htm
whskin_blank.htm
whskin_pickup.htm
whskin_homepage.htm
whskin_tw.htm
whnjs.htm
whthost.js
whtdhtml.htm
whihost.js
whibody.htm
whiform.htm
whfhost.js
whfbody.htm
whfform.htm
whghost.js
whgbody.htm
whgdhtml.htm
whgdef.htm
whproj.js
whproj.xml
whproj.htm
whxdata\whtoc.xml
whxdata\whidx.xml
whxdata\whfts.xml
whxdata\whglo.xml
whdata\whtoc.js
whdata\whtoc.htm
whdata\whtdata.js
whdata\whidx.js
whdata\whidx.htm
whdata\whidata.js
whdata\whfts.js
whdata\whfts.htm
whdata\whglo.js
whdata\whglo.htm
whdata\whgdata.js
whdata\whftdata.js
whdata\whfwdata.js
whres.xml
WebHelp.jar
WebHelp.cab
cshdat_robohelp.htm
wht_tab0.gif
wht_tab1.gif
wht_tab2.gif
wht_tab3.gif
wht_tab4.gif
wht_tab5.gif
wht_tab6.gif
wht_tab7.gif
wht_tab8.gif
wht_glo_h.gif
wht_glo_n.gif
wht_fts_h.gif
wht_fts_n.gif
wht_idx_h.gif
wht_idx_n.gif
wht_toc_h.gif
wht_toc_n.gif
wht_ws.gif
wht_ws_g.gif
wht_logo1.gif
wht_logo2.gif
wht_abgw.jpg
wht_abgi.jpg
wht_abge.jpg
wht_abtw.jpg
wht_abte.jpg
wht_abti.jpg
wht_spac.gif
wht_next.gif
wht_next_g.gif
wht_prev.gif
wht_prev_g.gif
wht_sync.gif
wht_hide.gif
wht_go.gif
whstart.ico
whestart.ico
whrstart.ico
whidhtml.htm
whfdhtml.htm
whskin_banner.htm
whtbar.js
greyback.gif
content.gif
index.gif
search.gif
other_index.gif
websearch.gif
go.gif
gray-left.gif
left-ar.gif
gray-rt.gif
right-ar.gif
directional.gif
close.gif
urls.gif
bookclosed.gif
book_open.gif
page.gif
whskin_pdhtml.htm
whskin_papplet.htm
whskin_plist.htm
whskin_tbars.htm
whskin_mbars.htm
whskin_frmset010.htm
whst_topics.xml
whskin_frmset01.htm
whskin_ep_ins.xml
whskin_ep_start.htm
Electronic_Arts_Technical_Support_hha.hhk
Electronic_Arts_Technical_Support.hhc
Electronic_Arts_Technical_Support.hhk
Controller\Start_Controller_Issues.htm
Crash\Crashing_After_a_Full_Black_Screen.htm
Crash\Crashing_After_the_Splash_Screen.htm
Crash\Start_Crashes.htm
Direct_X\_Direct3D__or__D3D__Errors.htm
Direct_X\_GET_SETUP__Error_When_Installing_DirectX.htm
Direct_X\DirectX_Version_Does_not_Update_After_Installation.htm
Direct_X\Start_Direct_X.htm
Error_Message\_Cannot_locate_CD_DVD-ROM_.htm
Error_Message\_CD_DVD_Emulation_Software_Detected_.htm
Error_Message\_Program_has_caused_an_error__or__Error_in__gamename_.exe_.htm
Error_Message\Start_Error.htm
Getting_More_Help_Online\Start_Getting_More_Help_Online.htm
Graphics\Start_Graphics_Issues.htm
Install\Autoplay_Screen_Does_not_Appear.htm
Install\INST_DirectX_Install_Hangs.htm
Install\INST_Start_Installation_Troubleshooting.htm
Install\Transfer_or_File_Error_During_Installation.htm
Install\Virus_Warning_During_Installation.htm
Lock-up_and_Freeze\Locking_up_with_a_Repeating_Sound.htm
Lock-up_and_Freeze\Random_or_General_Lockups.htm
Lock-up_and_Freeze\Start_Locking_up_and_Freezing.htm
Online_Connectivity_and_Performance\Start_Online_Connectivity_and_Performance.htm
Sound\Start_Sound.htm
Welcome.htm
Whitepages\CD_DVD-ROM_Troubleshooting_.htm
Whitepages\Changing_Desktop_Resolution.htm
Whitepages\Configuring_Routers_and_Firewalls.htm
Whitepages\Controller_Calibration.htm
Whitepages\Emptying_your_Temp_Folder.htm
Whitepages\Ending_Background_Tasks.htm
Whitepages\Finding_the_Minimum_System_Requirements.htm
Whitepages\Lowering_Sound_Acceleration.htm
Whitepages\Preparing_your_Hard_Drive_.htm
Whitepages\Reinstalling_DirectX.htm
Whitepages\UO_Trace.htm
Whitepages\Updating_Drivers.htm
eHelp.xml
RoboHHRE.lng
Electronic_Arts_Technical_Support.glo
default.css
HtmlHelp.css
Red_Book_Closed.gif
Red_Page.gif
Red_Browse_Right.gif
default_ns.css
whxdata\whtdata0.xml
whxdata\whidata0.xml
whxdata\whftdata0.xml
whxdata\whfwdata0.xml
whdata\whtdata0.htm
whdata\whidata0.htm
whdata\whftdata0.htm
whdata\whfwdata0.htm
Electronic_Arts_Technical_Support.htm
Electronic_Arts_Technical_Support_rhc.htm
